1625287862082	geckodriver	INFO	Listening on 127.0.0.1:53724
1625287865089	mozrunner::runner	INFO	Running command: "C:\\Program Files\\Firefox Developer Edition\\firefox.exe" "--marionette" "-foreground" "-no-remote" "-profile" "C:\\Users\\CODY\\AppData\\Local\\Temp\\rust_mozprofileHrJZzY"
1625287865967	addons.webextension.screenshots@mozilla.org	WARN	Loading extension 'screenshots@mozilla.org': Reading manifest: Invalid extension permission: mozillaAddons
1625287865968	addons.webextension.screenshots@mozilla.org	WARN	Loading extension 'screenshots@mozilla.org': Reading manifest: Invalid extension permission: resource://pdf.js/
1625287865968	addons.webextension.screenshots@mozilla.org	WARN	Loading extension 'screenshots@mozilla.org': Reading manifest: Invalid extension permission: about:reader*
1625287867994	Marionette	INFO	Listening on port 53732
1625287868218	Marionette	WARN	TLS certificate errors will be ignored for this session
[Parent 17356, Gecko_IOThread] WARNING: pipe error: 109: file z:/task_1557425037/build/src/ipc/chromium/src/chrome/common/ipc_channel_win.cc, line 341
[Parent 17356, Gecko_IOThread] WARNING: pipe error: 109: file z:/task_1557425037/build/src/ipc/chromium/src/chrome/common/ipc_channel_win.cc, line 341
[Child 19716, Chrome_ChildThread] WARNING: pipe error: 109: file z:/task_1557425037/build/src/ipc/chromium/src/chrome/common/ipc_channel_win.cc, line 341
[Child 19716, Chrome_ChildThread] WAR[Parent 17356, Gecko_IOThread] WARNING: pipe error: 109: file z:/task_1557425037/build/src/ipc/chromium/src/chrome/common/ipc_channel_win.cc, line 341
1625288236473	Marionette	INFO	Stopped listening on port 53732

###!!! [Child][RunMessage] Error: Channel closing: too late to send/recv, messages will be lost

[GPU 1852, Chrome_Chi
###!!! [Child][MessageChannel::SendAndWait] Error: Channel error: cannot send/recv

1625288239024	geckodriver	INFO	Listening on 127.0.0.1:53917
1625288242033	mozrunner::runner	INFO	Running command: "C:\\Program Files\\Firefox Developer Edition\\firefox.exe" "--marionette" "-foreground" "-no-remote" "-profile" "C:\\Users\\CODY\\AppData\\Local\\Temp\\rust_mozprofile4Y5Ezf"
1625288242477	addons.webextension.screenshots@mozilla.org	WARN	Loading extension 'screenshots@mozilla.org': Reading manifest: Invalid extension permission: mozillaAddons
1625288242477	addons.webextension.screenshots@mozilla.org	WARN	Loading extension 'screenshots@mozilla.org': Reading manifest: Invalid extension permission: telemetry
1625288242478	addons.webextension.screenshots@mozilla.org	WARN	Loading extension 'screenshots@mozilla.org': Reading manifest: Invalid extension permission: resource://pdf.js/
1625288242478	addons.webextension.screenshots@mozilla.org	WARN	Loading extension 'screenshots@mozilla.org': Reading manifest: Invalid extension permission: about:reader*
JavaScript error: resource://gre/modules/XULStore.jsm, line 66: Error: Can't find profile directory.
WARN: compileToBinary(259): 
C:\fakepath(337,18-133): warning X3571: pow(f, e) will not work for negative f, use abs(f) or conditionally handle negative values if you expect them
C:\fakepath(343,62-116): warning X3571: pow(f, e) will not work for negative f, use abs(f) or conditionally handle negative values if you expect them
C:\fakepath(366,75-84): warning X3556: integer divides may be much slower, try using uints if possible.
C:\fakepath(369,50-59): warning X3556: integer modulus may be much slower, try using uints if possible.
C:\fakepath(385,33-90): warning X3571: pow(f, e) will not work for negative f, use abs(f) or conditionally handle negative values if you expect them
C:\fakepath(174,1-6): warning X4000: use of potentially uninitialized variable (dyn_index_vec4_float4)
C:\fakepath(289,25-29): error X4576: Input array signature parameter  cannot be indexed dynamically.

WARN: compileToBinary(259): 
C:\fakepath(337,18-133): warning X3571: pow(f, e) will not work for negative f, use abs(f) or conditionally handle negative values if you expect them
C:\fakepath(343,62-116): warning X3571: pow(f, e) will not work for negative f, use abs(f) or conditionally handle negative values if you expect them
C:\fakepath(366,75-84): warning X3556: integer divides may be much slower, try using uints if possible.
C:\fakepath(369,50-59): warning X3556: integer modulus may be much slower, try using uints if possible.
C:\fakepath(385,33-90): warning X3571: pow(f, e) will not work for negative f, use abs(f) or conditionally handle negative values if you expect them
C:\fakepath(174,1-6): warning X4000: use of potentially uninitialized variable (dyn_index_vec4_float4)
C:\fakepath(289,25-29): error X4576: Input array signature parameter  cannot be indexed dynamically.

WARN: compileToBinary(259): 
C:\fakepath(366,75-84): warning X3556: integer divides may be much slower, try using uints if possible.
C:\fakepath(369,50-59): warning X3556: integer modulus may be much slower, try using uints if possible.
C:\fakepath(174,1-6): warning X4000: use of potentially uninitialized variable (dyn_index_vec4_float4)
C:\fakepath(225,1): warning X4000: use of potentially uninitialized variable (f_distance_aa)
C:\fakepath(262,1): warning X4000: use of potentially uninitialized variable (f_do_clip)

[Child 120, Chrome_ChildThread] WARNING: pipe error: 109: file z:/task_1563464451/build/src/ipc/chromium/src/chrome/common/ipc_channel_win.cc, line 341
[Child 120, Chrome_ChildThr1625288245368	Marionette	INFO	Listening on port 53934
1625288245643	Marionette	WARN	TLS certificate errors will be ignored for this session
[Child 20844, Chrome_ChildT[Child 17544, Chrome_ChildThread] WARNING: pipe error: 109: file z:/task_1563464451/build/src/ipc/chromium/src/chrome/common/ipc_channel_win.cc, line 341
[Child 17544[Child 21976, Chrome_ChildThread] WARNING: pipe error: 109: file z:/task_1563464451/build/src/ipc/chromium/src/chrome/common/ipc_channel_win.cc, line 341
[Child 21976console.error: (new Error("Connection closed before committing the transaction.", "resource://gre/modules/Sqlite.jsm", 683))
1625288317505	Marionette	INFO	Stopped listening on port 53934
[GPU 6728, Chrome
###!!! [Child][MessageChannel::SendAndWait] Error: Channel error: cannot send/recv

1625288592554	geckodriver	INFO	Listening on 127.0.0.1:54329
1625288595563	mozrunner::runner	INFO	Running command: "C:\\Program Files\\Firefox Developer Edition\\firefox.exe" "--marionette" "-foreground" "-no-remote" "-profile" "C:\\Users\\CODY\\AppData\\Local\\Temp\\rust_mozprofileMNqifL"
1625288595971	addons.webextension.screenshots@mozilla.org	WARN	Loading extension 'screenshots@mozilla.org': Reading manifest: Invalid extension permission: mozillaAddons
1625288595971	addons.webextension.screenshots@mozilla.org	WARN	Loading extension 'screenshots@mozilla.org': Reading manifest: Invalid extension permission: telemetry
1625288595972	addons.webextension.screenshots@mozilla.org	WARN	Loading extension 'screenshots@mozilla.org': Reading manifest: Invalid extension permission: resource://pdf.js/
1625288595972	addons.webextension.screenshots@mozilla.org	WARN	Loading extension 'screenshots@mozilla.org': Reading manifest: Invalid extension permission: about:reader*
JavaScript error: resource://gre/modules/XULStore.jsm, line 66: Error: Can't find profile directory.
WARN: compileToBinary(259): 
C:\fakepath(337,18-133): warning X3571: pow(f, e) will not work for negative f, use abs(f) or conditionally handle negative values if you expect them
C:\fakepath(343,62-116): warning X3571: pow(f, e) will not work for negative f, use abs(f) or conditionally handle negative values if you expect them
C:\fakepath(366,75-84): warning X3556: integer divides may be much slower, try using uints if possible.
C:\fakepath(369,50-59): warning X3556: integer modulus may be much slower, try using uints if possible.
C:\fakepath(385,33-90): warning X3571: pow(f, e) will not work for negative f, use abs(f) or conditionally handle negative values if you expect them
C:\fakepath(174,1-6): warning X4000: use of potentially uninitialized variable (dyn_index_vec4_float4)
C:\fakepath(289,25-29): error X4576: Input array signature parameter  cannot be indexed dynamically.

WARN: compileToBinary(259): 
C:\fakepath(337,18-133): warning X3571: pow(f, e) will not work for negative f, use abs(f) or conditionally handle negative values if you expect them
C:\fakepath(343,62-116): warning X3571: pow(f, e) will not work for negative f, use abs(f) or conditionally handle negative values if you expect them
C:\fakepath(366,75-84): warning X3556: integer divides may be much slower, try using uints if possible.
C:\fakepath(369,50-59): warning X3556: integer modulus may be much slower, try using uints if possible.
C:\fakepath(385,33-90): warning X3571: pow(f, e) will not work for negative f, use abs(f) or conditionally handle negative values if you expect them
C:\fakepath(174,1-6): warning X4000: use of potentially uninitialized variable (dyn_index_vec4_float4)
C:\fakepath(289,25-29): error X4576: Input array signature parameter  cannot be indexed dynamically.

WARN: compileToBinary(259): 
C:\fakepath(366,75-84): warning X3556: integer divides may be much slower, try using uints if possible.
C:\fakepath(369,50-59): warning X3556: integer modulus may be much slower, try using uints if possible.
C:\fakepath(174,1-6): warning X4000: use of potentially uninitialized variable (dyn_index_vec4_float4)
C:\fakepath(225,1): warning X4000: use of potentially uninitialized variable (f_distance_aa)
C:\fakepath(262,1): warning X4000: use of potentially uninitialized variable (f_do_clip)

[Child 12172, Chrome_ChildThread] WARNING: pipe error: 109: file z:/task_1563464451/build/src/ipc/chromium/src/chrome/common/ipc_channel_win.cc, line 341
[Child 12172, Chrome_ChildThrea1625288598719	Marionette	INFO	Listening on port 54337
1625288599175	Marionette	WARN	TLS certificate errors will be ignored for this session
[Parent 15224, Gecko_IOThread] WARNING: pipe error: 109: file z:/task_1563464451/build/src/ipc/chromium/src/chrome/common/ipc_channel_win.cc, line 341
[Child 18524, Chrome_ChildThread] WARNING: pipe error: 109: file z:/task_1563464451/build/src/ipc/chromium/src/chrome/common/ipc_channel_win.cc, line 341
[Child 17416, Chrome_ChildThread] WARNING: pipe error: 109: file z:/task_1563464451/build/src/ipc/chromium/src/chrome/common/ipc_channel_win.cc, line 341
[Child 17416, Chrome_ChildThread] WA1625288616493	Marionette	INFO	Stopped listening on port 54337
[GPU 11092, Chrome_ChildThread] W
###!!! [Child][MessageChannel::SendAndWait] Error: Channel error: cannot send/recv

